<?xml version="1.0" encoding="UTF-8"?>
<!-- Generated by org.testng.reporters.JUnitXMLReporter -->
<testsuite hostname="DESKTOP-VVUCI2M" ignored="0" name="用户管理系统测试用例" tests="7" failures="0" timestamp="11 六月 2020 07:32:21 GMT" time="11.44" errors="0">
  <testcase name="loginTrue" time="0.817" classname="com.tester.cases.LoginTest"/>
  <testcase name="loginFalse" time="0.048" classname="com.tester.cases.LoginTest"/>
  <testcase name="addUser" time="2.21" classname="com.tester.cases.AddUserTest"/>
  <testcase name="getUserInfo" time="2.072" classname="com.tester.cases.GetUserInfoTest"/>
  <testcase name="updateUserInfo" time="2.117" classname="com.tester.cases.UpdateUserInfoTest"/>
  <testcase name="deleteUser" time="2.038" classname="com.tester.cases.UpdateUserInfoTest"/>
  <testcase name="getUserListInfo" time="2.073" classname="com.tester.cases.GetUserInfoListTest"/>
</testsuite> <!-- 用户管理系统测试用例 -->
